platforms/android/app/build/intermediates/manifest_merge_blame_file/release/manifest-merger-blame-release-report.txt
1<?xml version="1.0" encoding="utf-8"?>
2<manifest xmlns:android="http://schemas.android.com/apk/res/android"
3    package="com.phonegap.iindicate"
4    android:hardwareAccelerated="true"
5    android:versionCode="10029"
6    android:versionName="1.0.29" >
7
8    <uses-sdk
9        android:minSdkVersion="19"
9-->src/main/AndroidManifest.xml
10        android:targetSdkVersion="30" />
10-->src/main/AndroidManifest.xml
11
12    <supports-screens
12-->src/main/AndroidManifest.xml:3:5-191
13        android:anyDensity="true"
13-->src/main/AndroidManifest.xml:3:23-48
14        android:largeScreens="true"
14-->src/main/AndroidManifest.xml:3:49-76
15        android:normalScreens="true"
15-->src/main/AndroidManifest.xml:3:77-105
16        android:resizeable="true"
16-->src/main/AndroidManifest.xml:3:106-131
17        android:smallScreens="true"
17-->src/main/AndroidManifest.xml:3:132-159
18        android:xlargeScreens="true" />
18-->src/main/AndroidManifest.xml:3:160-188
19
20    <uses-permission android:name="android.permission.INTERNET" />
20-->src/main/AndroidManifest.xml:4:5-67
20-->src/main/AndroidManifest.xml:4:22-64
21    <uses-permission android:name="android.permission.ACCESS_NETWORK_STATE" />
21-->src/main/AndroidManifest.xml:32:5-79
21-->src/main/AndroidManifest.xml:32:22-76
22    <uses-permission android:name="android.permission.WRITE_EXTERNAL_STORAGE" />
22-->src/main/AndroidManifest.xml:33:5-81
22-->src/main/AndroidManifest.xml:33:22-78
23    <uses-permission android:name="android.permission.BLUETOOTH" />
23-->src/main/AndroidManifest.xml:34:5-68
23-->src/main/AndroidManifest.xml:34:22-65
24    <uses-permission android:name="com.amazon.device.messaging.permission.RECEIVE" />
24-->src/main/AndroidManifest.xml:35:5-86
24-->src/main/AndroidManifest.xml:35:22-83
25
26    <permission
26-->src/main/AndroidManifest.xml:36:5-124
27        android:name="com.phonegap.iindicate.permission.RECEIVE_ADM_MESSAGE"
27-->src/main/AndroidManifest.xml:36:17-85
28        android:protectionLevel="signature" />
28-->src/main/AndroidManifest.xml:36:86-121
29
30    <uses-permission android:name="com.phonegap.iindicate.permission.RECEIVE_ADM_MESSAGE" />
30-->src/main/AndroidManifest.xml:37:5-93
30-->src/main/AndroidManifest.xml:37:22-90
31    <!-- Create a unique permission for your app and use it so only your app can receive your OneSignal messages. -->
32    <permission
32-->[com.onesignal:OneSignal:3.10.5] AndroidManifest.xml:8:5-10:47
33        android:name="com.phonegap.iindicate.permission.C2D_MESSAGE"
33-->[com.onesignal:OneSignal:3.10.5] AndroidManifest.xml:9:9-63
34        android:protectionLevel="signature" />
34-->[com.onesignal:OneSignal:3.10.5] AndroidManifest.xml:10:9-44
35
36    <uses-permission android:name="com.phonegap.iindicate.permission.C2D_MESSAGE" />
36-->[com.onesignal:OneSignal:3.10.5] AndroidManifest.xml:12:5-79
36-->[com.onesignal:OneSignal:3.10.5] AndroidManifest.xml:12:22-76
37    <uses-permission android:name="com.google.android.c2dm.permission.RECEIVE" /> <!-- Required, makes sure notifications are delivered on time. -->
37-->[com.onesignal:OneSignal:3.10.5] AndroidManifest.xml:18:5-82
37-->[com.onesignal:OneSignal:3.10.5] AndroidManifest.xml:18:22-79
38    <uses-permission android:name="android.permission.WAKE_LOCK" />
38-->[com.onesignal:OneSignal:3.10.5] AndroidManifest.xml:19:5-68
38-->[com.onesignal:OneSignal:3.10.5] AndroidManifest.xml:19:22-65
39    <!--
40 Required so the device vibrates on receiving a push notification.
41         Vibration settings of the device still apply.
42    -->
43    <uses-permission android:name="android.permission.VIBRATE" />
43-->[com.onesignal:OneSignal:3.10.5] AndroidManifest.xml:24:5-66
43-->[com.onesignal:OneSignal:3.10.5] AndroidManifest.xml:24:22-63
44    <!--
45 Use to restore notifications the user hasn't interacted with.
46         They could be missed notifications if the user reboots their device if this isn't in place.
47    -->
48    <uses-permission android:name="android.permission.RECEIVE_BOOT_COMPLETED" /> <!-- START: ShortcutBadger -->
48-->[com.onesignal:OneSignal:3.10.5] AndroidManifest.xml:30:5-81
48-->[com.onesignal:OneSignal:3.10.5] AndroidManifest.xml:30:22-78
49    <!-- Samsung -->
50    <uses-permission android:name="com.sec.android.provider.badge.permission.READ" />
50-->[com.onesignal:OneSignal:3.10.5] AndroidManifest.xml:32:5-86
50-->[com.onesignal:OneSignal:3.10.5] AndroidManifest.xml:32:22-83
51    <uses-permission android:name="com.sec.android.provider.badge.permission.WRITE" /> <!-- HTC -->
51-->[com.onesignal:OneSignal:3.10.5] AndroidManifest.xml:33:5-87
51-->[com.onesignal:OneSignal:3.10.5] AndroidManifest.xml:33:22-84
52    <uses-permission android:name="com.htc.launcher.permission.READ_SETTINGS" />
52-->[com.onesignal:OneSignal:3.10.5] AndroidManifest.xml:34:5-81
52-->[com.onesignal:OneSignal:3.10.5] AndroidManifest.xml:34:22-78
53    <uses-permission android:name="com.htc.launcher.permission.UPDATE_SHORTCUT" /> <!-- Sony -->
53-->[com.onesignal:OneSignal:3.10.5] AndroidManifest.xml:35:5-83
53-->[com.onesignal:OneSignal:3.10.5] AndroidManifest.xml:35:22-80
54    <uses-permission android:name="com.sonyericsson.home.permission.BROADCAST_BADGE" />
54-->[com.onesignal:OneSignal:3.10.5] AndroidManifest.xml:36:5-88
54-->[com.onesignal:OneSignal:3.10.5] AndroidManifest.xml:36:22-85
55    <uses-permission android:name="com.sonymobile.home.permission.PROVIDER_INSERT_BADGE" /> <!-- Apex -->
55-->[com.onesignal:OneSignal:3.10.5] AndroidManifest.xml:37:5-92
55-->[com.onesignal:OneSignal:3.10.5] AndroidManifest.xml:37:22-89
56    <uses-permission android:name="com.anddoes.launcher.permission.UPDATE_COUNT" /> <!-- Solid -->
56-->[com.onesignal:OneSignal:3.10.5] AndroidManifest.xml:38:5-84
56-->[com.onesignal:OneSignal:3.10.5] AndroidManifest.xml:38:22-81
57    <uses-permission android:name="com.majeur.launcher.permission.UPDATE_BADGE" /> <!-- Huawei -->
57-->[com.onesignal:OneSignal:3.10.5] AndroidManifest.xml:39:5-83
57-->[com.onesignal:OneSignal:3.10.5] AndroidManifest.xml:39:22-80
58    <uses-permission android:name="com.huawei.android.launcher.permission.CHANGE_BADGE" />
58-->[com.onesignal:OneSignal:3.10.5] AndroidManifest.xml:40:5-91
58-->[com.onesignal:OneSignal:3.10.5] AndroidManifest.xml:40:22-88
59    <uses-permission android:name="com.huawei.android.launcher.permission.READ_SETTINGS" />
59-->[com.onesignal:OneSignal:3.10.5] AndroidManifest.xml:41:5-92
59-->[com.onesignal:OneSignal:3.10.5] AndroidManifest.xml:41:22-89
60    <uses-permission android:name="com.huawei.android.launcher.permission.WRITE_SETTINGS" /> <!-- ZUK -->
60-->[com.onesignal:OneSignal:3.10.5] AndroidManifest.xml:42:5-93
60-->[com.onesignal:OneSignal:3.10.5] AndroidManifest.xml:42:22-90
61    <uses-permission android:name="android.permission.READ_APP_BADGE" /> <!-- OPPO -->
61-->[com.onesignal:OneSignal:3.10.5] AndroidManifest.xml:43:5-73
61-->[com.onesignal:OneSignal:3.10.5] AndroidManifest.xml:43:22-70
62    <uses-permission android:name="com.oppo.launcher.permission.READ_SETTINGS" />
62-->[com.onesignal:OneSignal:3.10.5] AndroidManifest.xml:44:5-82
62-->[com.onesignal:OneSignal:3.10.5] AndroidManifest.xml:44:22-79
63    <uses-permission android:name="com.oppo.launcher.permission.WRITE_SETTINGS" /> <!-- EvMe -->
63-->[com.onesignal:OneSignal:3.10.5] AndroidManifest.xml:45:5-83
63-->[com.onesignal:OneSignal:3.10.5] AndroidManifest.xml:45:22-80
64    <uses-permission android:name="me.everything.badger.permission.BADGE_COUNT_READ" />
64-->[com.onesignal:OneSignal:3.10.5] AndroidManifest.xml:46:5-88
64-->[com.onesignal:OneSignal:3.10.5] AndroidManifest.xml:46:22-85
65    <uses-permission android:name="me.everything.badger.permission.BADGE_COUNT_WRITE" />
65-->[com.onesignal:OneSignal:3.10.5] AndroidManifest.xml:47:5-89
65-->[com.onesignal:OneSignal:3.10.5] AndroidManifest.xml:47:22-86
66
67    <queries>
67-->[com.facebook.android:audience-network-sdk:6.8.0] AndroidManifest.xml:11:5-13:15
68        <package android:name="com.facebook.katana" />
68-->[com.facebook.android:audience-network-sdk:6.8.0] AndroidManifest.xml:12:9-55
68-->[com.facebook.android:audience-network-sdk:6.8.0] AndroidManifest.xml:12:18-52
69    </queries>
70
71    <application
71-->src/main/AndroidManifest.xml:5:5-31:19
72        android:name="androidx.multidex.MultiDexApplication"
73        android:appComponentFactory="androidx.core.app.CoreComponentFactory"
73-->[androidx.core:core:1.3.0] AndroidManifest.xml:24:18-86
74        android:hardwareAccelerated="true"
74-->src/main/AndroidManifest.xml:5:18-52
75        android:icon="@mipmap/ic_launcher"
75-->src/main/AndroidManifest.xml:5:53-87
76        android:label="@string/app_name"
76-->src/main/AndroidManifest.xml:5:88-120
77        android:supportsRtl="true" >
77-->src/main/AndroidManifest.xml:5:121-147
78        <activity
78-->src/main/AndroidManifest.xml:6:9-11:20
79            android:name="com.phonegap.iindicate.MainActivity"
79-->src/main/AndroidManifest.xml:6:205-232
80            android:configChanges="orientation|keyboardHidden|keyboard|screenSize|locale|smallestScreenSize|screenLayout|uiMode"
80-->src/main/AndroidManifest.xml:6:19-135
81            android:label="@string/activity_name"
81-->src/main/AndroidManifest.xml:6:136-173
82            android:launchMode="singleTop"
82-->src/main/AndroidManifest.xml:6:174-204
83            android:screenOrientation="portrait"
83-->src/main/AndroidManifest.xml:6:233-269
84            android:theme="@android:style/Theme.DeviceDefault.NoActionBar"
84-->src/main/AndroidManifest.xml:6:270-332
85            android:windowSoftInputMode="adjustResize" >
85-->src/main/AndroidManifest.xml:6:333-375
86            <intent-filter android:label="@string/launcher_name" >
86-->src/main/AndroidManifest.xml:7:13-10:29
86-->src/main/AndroidManifest.xml:7:28-65
87                <action android:name="android.intent.action.MAIN" />
87-->src/main/AndroidManifest.xml:8:17-69
87-->src/main/AndroidManifest.xml:8:25-66
88
89                <category android:name="android.intent.category.LAUNCHER" />
89-->src/main/AndroidManifest.xml:9:17-77
89-->src/main/AndroidManifest.xml:9:27-74
90            </intent-filter>
91        </activity>
92        <activity
92-->src/main/AndroidManifest.xml:12:9-233
93            android:name="com.google.android.gms.ads.AdActivity"
93-->src/main/AndroidManifest.xml:12:129-181
94            android:configChanges="keyboard|keyboardHidden|orientation|screenLayout|uiMode|screenSize|smallestScreenSize"
94-->src/main/AndroidManifest.xml:12:19-128
95            android:theme="@android:style/Theme.Translucent" />
95-->src/main/AndroidManifest.xml:12:182-230
96
97        <meta-data
97-->src/main/AndroidManifest.xml:13:9-134
98            android:name="com.google.android.gms.ads.APPLICATION_ID"
98-->src/main/AndroidManifest.xml:13:20-76
99            android:value="ca-app-pub-7091486462236476~8144821046" />
99-->src/main/AndroidManifest.xml:13:77-131
100
101        <receiver
101-->src/main/AndroidManifest.xml:14:9-18:20
102            android:name="nl.xservices.plugins.ShareChooserPendingIntent"
102-->src/main/AndroidManifest.xml:14:42-103
103            android:enabled="true" >
103-->src/main/AndroidManifest.xml:14:19-41
104            <intent-filter>
104-->src/main/AndroidManifest.xml:15:13-17:29
105                <action android:name="android.intent.action.SEND" />
105-->src/main/AndroidManifest.xml:16:17-69
105-->src/main/AndroidManifest.xml:16:25-66
106            </intent-filter>
107        </receiver>
108
109        <provider
110            android:name="nl.xservices.plugins.FileProvider"
110-->src/main/AndroidManifest.xml:19:135-183
111            android:authorities="com.phonegap.iindicate.sharing.provider"
111-->src/main/AndroidManifest.xml:19:19-74
112            android:exported="false"
112-->src/main/AndroidManifest.xml:19:75-99
113            android:grantUriPermissions="true" >
113-->src/main/AndroidManifest.xml:19:100-134
114            <meta-data
114-->src/main/AndroidManifest.xml:20:13-115
115                android:name="android.support.FILE_PROVIDER_PATHS"
115-->src/main/AndroidManifest.xml:20:24-74
116                android:resource="@xml/sharing_paths" />
116-->src/main/AndroidManifest.xml:20:75-112
117        </provider>
118
119        <amazon:enable-feature
119-->src/main/AndroidManifest.xml:22:9-159
120            xmlns:amazon="http://schemas.amazon.com/apk/res/android"
120-->src/main/AndroidManifest.xml:22:100-156
121            android:name="com.amazon.device.messaging"
121-->src/main/AndroidManifest.xml:22:32-74
122            android:required="false" />
122-->src/main/AndroidManifest.xml:22:75-99
123
124        <service
124-->src/main/AndroidManifest.xml:23:9-92
125            android:name="com.onesignal.ADMMessageHandler"
125-->src/main/AndroidManifest.xml:23:43-89
126            android:exported="false" />
126-->src/main/AndroidManifest.xml:23:18-42
127
128        <receiver
128-->src/main/AndroidManifest.xml:24:9-30:20
129            android:name="com.onesignal.ADMMessageHandler$Receiver"
129-->src/main/AndroidManifest.xml:24:19-74
130            android:permission="com.amazon.device.messaging.permission.SEND" >
130-->src/main/AndroidManifest.xml:24:75-139
131            <intent-filter>
131-->src/main/AndroidManifest.xml:25:13-29:29
132                <action android:name="com.amazon.device.messaging.intent.REGISTRATION" />
132-->src/main/AndroidManifest.xml:26:17-90
132-->src/main/AndroidManifest.xml:26:25-87
133                <action android:name="com.amazon.device.messaging.intent.RECEIVE" />
133-->src/main/AndroidManifest.xml:27:17-85
133-->src/main/AndroidManifest.xml:27:25-82
134
135                <category android:name="com.phonegap.iindicate" />
135-->src/main/AndroidManifest.xml:28:17-67
135-->src/main/AndroidManifest.xml:28:27-64
136            </intent-filter>
137        </receiver>
138
139        <meta-data
139-->[com.onesignal:OneSignal:3.10.5] AndroidManifest.xml:50:9-52:51
140            android:name="onesignal_app_id"
140-->[com.onesignal:OneSignal:3.10.5] AndroidManifest.xml:51:13-44
141            android:value="" /> <!-- Deprecated - Pulled from OneSignal dashboard. -->
141-->[com.onesignal:OneSignal:3.10.5] AndroidManifest.xml:52:13-48
142        <meta-data
142-->[com.onesignal:OneSignal:3.10.5] AndroidManifest.xml:54:9-56:70
143            android:name="onesignal_google_project_number"
143-->[com.onesignal:OneSignal:3.10.5] AndroidManifest.xml:55:13-59
144            android:value="str:REMOTE" />
144-->[com.onesignal:OneSignal:3.10.5] AndroidManifest.xml:56:13-67
145
146        <receiver
146-->[com.onesignal:OneSignal:3.10.5] AndroidManifest.xml:58:9-68:20
147            android:name="com.onesignal.GcmBroadcastReceiver"
147-->[com.onesignal:OneSignal:3.10.5] AndroidManifest.xml:59:13-62
148            android:permission="com.google.android.c2dm.permission.SEND" >
148-->[com.onesignal:OneSignal:3.10.5] AndroidManifest.xml:60:13-73
149
150            <!-- High priority so OneSignal payloads can be filtered from other GCM receivers if filterOtherGCMReceivers is enabled. -->
151            <intent-filter android:priority="999" >
151-->[com.onesignal:OneSignal:3.10.5] AndroidManifest.xml:63:13-67:29
151-->[com.onesignal:OneSignal:3.10.5] AndroidManifest.xml:63:28-50
152                <action android:name="com.google.android.c2dm.intent.RECEIVE" />
152-->[com.onesignal:OneSignal:3.10.5] AndroidManifest.xml:64:17-81
152-->[com.onesignal:OneSignal:3.10.5] AndroidManifest.xml:64:25-78
153
154                <category android:name="com.phonegap.iindicate" />
154-->src/main/AndroidManifest.xml:28:17-67
154-->src/main/AndroidManifest.xml:28:27-64
155            </intent-filter>
156        </receiver>
157        <receiver android:name="com.onesignal.NotificationOpenedReceiver" />
157-->[com.onesignal:OneSignal:3.10.5] AndroidManifest.xml:69:9-77
157-->[com.onesignal:OneSignal:3.10.5] AndroidManifest.xml:69:19-74
158
159        <service android:name="com.onesignal.GcmIntentService" />
159-->[com.onesignal:OneSignal:3.10.5] AndroidManifest.xml:71:9-66
159-->[com.onesignal:OneSignal:3.10.5] AndroidManifest.xml:71:18-63
160        <service
160-->[com.onesignal:OneSignal:3.10.5] AndroidManifest.xml:72:9-74:72
161            android:name="com.onesignal.GcmIntentJobService"
161-->[com.onesignal:OneSignal:3.10.5] AndroidManifest.xml:73:13-61
162            android:permission="android.permission.BIND_JOB_SERVICE" />
162-->[com.onesignal:OneSignal:3.10.5] AndroidManifest.xml:74:13-69
163        <service
163-->[com.onesignal:OneSignal:3.10.5] AndroidManifest.xml:75:9-77:72
164            android:name="com.onesignal.RestoreJobService"
164-->[com.onesignal:OneSignal:3.10.5] AndroidManifest.xml:76:13-59
165            android:permission="android.permission.BIND_JOB_SERVICE" />
165-->[com.onesignal:OneSignal:3.10.5] AndroidManifest.xml:77:13-69
166        <service
166-->[com.onesignal:OneSignal:3.10.5] AndroidManifest.xml:78:9-80:72
167            android:name="com.onesignal.RestoreKickoffJobService"
167-->[com.onesignal:OneSignal:3.10.5] AndroidManifest.xml:79:13-66
168            android:permission="android.permission.BIND_JOB_SERVICE" />
168-->[com.onesignal:OneSignal:3.10.5] AndroidManifest.xml:80:13-69
169        <service
169-->[com.onesignal:OneSignal:3.10.5] AndroidManifest.xml:81:9-83:43
170            android:name="com.onesignal.SyncService"
170-->[com.onesignal:OneSignal:3.10.5] AndroidManifest.xml:82:13-53
171            android:stopWithTask="true" />
171-->[com.onesignal:OneSignal:3.10.5] AndroidManifest.xml:83:13-40
172        <service
172-->[com.onesignal:OneSignal:3.10.5] AndroidManifest.xml:84:9-86:72
173            android:name="com.onesignal.SyncJobService"
173-->[com.onesignal:OneSignal:3.10.5] AndroidManifest.xml:85:13-56
174            android:permission="android.permission.BIND_JOB_SERVICE" />
174-->[com.onesignal:OneSignal:3.10.5] AndroidManifest.xml:86:13-69
175
176        <activity
176-->[com.onesignal:OneSignal:3.10.5] AndroidManifest.xml:88:9-90:75
177            android:name="com.onesignal.PermissionsActivity"
177-->[com.onesignal:OneSignal:3.10.5] AndroidManifest.xml:89:13-61
178            android:theme="@android:style/Theme.Translucent.NoTitleBar" />
178-->[com.onesignal:OneSignal:3.10.5] AndroidManifest.xml:90:13-72
179
180        <service android:name="com.onesignal.NotificationRestoreService" />
180-->[com.onesignal:OneSignal:3.10.5] AndroidManifest.xml:92:9-76
180-->[com.onesignal:OneSignal:3.10.5] AndroidManifest.xml:92:18-73
181
182        <receiver android:name="com.onesignal.BootUpReceiver" >
182-->[com.onesignal:OneSignal:3.10.5] AndroidManifest.xml:94:9-99:20
182-->[com.onesignal:OneSignal:3.10.5] AndroidManifest.xml:94:19-62
183            <intent-filter>
183-->[com.onesignal:OneSignal:3.10.5] AndroidManifest.xml:95:13-98:29
184                <action android:name="android.intent.action.BOOT_COMPLETED" />
184-->[com.onesignal:OneSignal:3.10.5] AndroidManifest.xml:96:17-79
184-->[com.onesignal:OneSignal:3.10.5] AndroidManifest.xml:96:25-76
185                <action android:name="android.intent.action.QUICKBOOT_POWERON" />
185-->[com.onesignal:OneSignal:3.10.5] AndroidManifest.xml:97:17-82
185-->[com.onesignal:OneSignal:3.10.5] AndroidManifest.xml:97:25-79
186            </intent-filter>
187        </receiver>
188        <receiver android:name="com.onesignal.UpgradeReceiver" >
188-->[com.onesignal:OneSignal:3.10.5] AndroidManifest.xml:100:9-104:20
188-->[com.onesignal:OneSignal:3.10.5] AndroidManifest.xml:100:19-63
189            <intent-filter>
189-->[com.onesignal:OneSignal:3.10.5] AndroidManifest.xml:101:13-103:29
190                <action android:name="android.intent.action.MY_PACKAGE_REPLACED" />
190-->[com.onesignal:OneSignal:3.10.5] AndroidManifest.xml:102:17-84
190-->[com.onesignal:OneSignal:3.10.5] AndroidManifest.xml:102:25-81
191            </intent-filter>
192        </receiver>
193
194        <activity
194-->[com.facebook.android:audience-network-sdk:6.8.0] AndroidManifest.xml:19:9-23:75
195            android:name="com.facebook.ads.AudienceNetworkActivity"
195-->[com.facebook.android:audience-network-sdk:6.8.0] AndroidManifest.xml:20:13-68
196            android:configChanges="keyboardHidden|orientation|screenSize"
196-->[com.facebook.android:audience-network-sdk:6.8.0] AndroidManifest.xml:21:13-74
197            android:exported="false"
197-->[com.facebook.android:audience-network-sdk:6.8.0] AndroidManifest.xml:22:13-37
198            android:theme="@android:style/Theme.Translucent.NoTitleBar" />
198-->[com.facebook.android:audience-network-sdk:6.8.0] AndroidManifest.xml:23:13-72
199
200        <provider
200-->[com.facebook.android:audience-network-sdk:6.8.0] AndroidManifest.xml:25:9-28:40
201            android:name="com.facebook.ads.AudienceNetworkContentProvider"
201-->[com.facebook.android:audience-network-sdk:6.8.0] AndroidManifest.xml:26:13-75
202            android:authorities="com.phonegap.iindicate.AudienceNetworkContentProvider"
202-->[com.facebook.android:audience-network-sdk:6.8.0] AndroidManifest.xml:27:13-82
203            android:exported="false" />
203-->[com.facebook.android:audience-network-sdk:6.8.0] AndroidManifest.xml:28:13-37
204
205        <activity
205-->[com.google.android.gms:play-services-base:11.0.4] AndroidManifest.xml:19:9-172
206            android:name="com.google.android.gms.common.api.GoogleApiActivity"
206-->[com.google.android.gms:play-services-base:11.0.4] AndroidManifest.xml:19:19-85
207            android:exported="false"
207-->[com.google.android.gms:play-services-base:11.0.4] AndroidManifest.xml:19:146-170
208            android:theme="@android:style/Theme.Translucent.NoTitleBar" />
208-->[com.google.android.gms:play-services-base:11.0.4] AndroidManifest.xml:19:86-145
209        <!--
210 FirebaseMessagingService performs security checks at runtime,
211             no need for explicit permissions despite exported="true"
212        -->
213        <service
213-->[com.google.firebase:firebase-messaging:11.0.4] AndroidManifest.xml:23:9-27:19
214            android:name="com.google.firebase.messaging.FirebaseMessagingService"
214-->[com.google.firebase:firebase-messaging:11.0.4] AndroidManifest.xml:23:18-87
215            android:exported="true" >
215-->[com.google.firebase:firebase-messaging:11.0.4] AndroidManifest.xml:23:88-111
216            <intent-filter android:priority="-500" >
216-->[com.google.firebase:firebase-messaging:11.0.4] AndroidManifest.xml:24:13-26:29
216-->[com.google.firebase:firebase-messaging:11.0.4] AndroidManifest.xml:24:28-51
217                <action android:name="com.google.firebase.MESSAGING_EVENT" />
217-->[com.google.firebase:firebase-messaging:11.0.4] AndroidManifest.xml:25:17-77
217-->[com.google.firebase:firebase-messaging:11.0.4] AndroidManifest.xml:25:25-75
218            </intent-filter>
219        </service>
220
221        <receiver
221-->[com.google.firebase:firebase-iid:11.0.4] AndroidManifest.xml:30:9-35:20
222            android:name="com.google.firebase.iid.FirebaseInstanceIdReceiver"
222-->[com.google.firebase:firebase-iid:11.0.4] AndroidManifest.xml:30:19-84
223            android:exported="true"
223-->[com.google.firebase:firebase-iid:11.0.4] AndroidManifest.xml:30:85-108
224            android:permission="com.google.android.c2dm.permission.SEND" >
224-->[com.google.firebase:firebase-iid:11.0.4] AndroidManifest.xml:30:109-169
225            <intent-filter>
225-->[com.onesignal:OneSignal:3.10.5] AndroidManifest.xml:63:13-67:29
226                <action android:name="com.google.android.c2dm.intent.RECEIVE" />
226-->[com.onesignal:OneSignal:3.10.5] AndroidManifest.xml:64:17-81
226-->[com.onesignal:OneSignal:3.10.5] AndroidManifest.xml:64:25-78
227
228                <category android:name="com.phonegap.iindicate" />
228-->src/main/AndroidManifest.xml:28:17-67
228-->src/main/AndroidManifest.xml:28:27-64
229            </intent-filter>
230        </receiver>
231        <!--
232 Internal (not exported) receiver used by the app to start its own exported services
233             without risk of being spoofed.
234        -->
235        <receiver
235-->[com.google.firebase:firebase-iid:11.0.4] AndroidManifest.xml:39:9-119
236            android:name="com.google.firebase.iid.FirebaseInstanceIdInternalReceiver"
236-->[com.google.firebase:firebase-iid:11.0.4] AndroidManifest.xml:39:19-92
237            android:exported="false" />
237-->[com.google.firebase:firebase-iid:11.0.4] AndroidManifest.xml:39:93-117
238        <!--
239 FirebaseInstanceIdService performs security checks at runtime,
240             no need for explicit permissions despite exported="true"
241        -->
242        <service
242-->[com.google.firebase:firebase-iid:11.0.4] AndroidManifest.xml:43:9-47:19
243            android:name="com.google.firebase.iid.FirebaseInstanceIdService"
243-->[com.google.firebase:firebase-iid:11.0.4] AndroidManifest.xml:43:18-82
244            android:exported="true" >
244-->[com.google.firebase:firebase-iid:11.0.4] AndroidManifest.xml:43:83-106
245            <intent-filter android:priority="-500" >
245-->[com.google.firebase:firebase-iid:11.0.4] AndroidManifest.xml:44:13-46:29
245-->[com.google.firebase:firebase-iid:11.0.4] AndroidManifest.xml:44:28-51
246                <action android:name="com.google.firebase.INSTANCE_ID_EVENT" />
246-->[com.google.firebase:firebase-iid:11.0.4] AndroidManifest.xml:45:17-79
246-->[com.google.firebase:firebase-iid:11.0.4] AndroidManifest.xml:45:25-77
247            </intent-filter>
248        </service>
249
250        <provider
250-->[com.google.firebase:firebase-common:11.0.4] AndroidManifest.xml:6:9-194
251            android:name="com.google.firebase.provider.FirebaseInitProvider"
251-->[com.google.firebase:firebase-common:11.0.4] AndroidManifest.xml:6:79-143
252            android:authorities="com.phonegap.iindicate.firebaseinitprovider"
252-->[com.google.firebase:firebase-common:11.0.4] AndroidManifest.xml:6:19-78
253            android:exported="false"
253-->[com.google.firebase:firebase-common:11.0.4] AndroidManifest.xml:6:144-168
254            android:initOrder="100" />
254-->[com.google.firebase:firebase-common:11.0.4] AndroidManifest.xml:6:169-192
255
256        <meta-data
256-->[com.google.android.gms:play-services-basement:11.0.4] AndroidManifest.xml:20:9-121
257            android:name="com.google.android.gms.version"
257-->[com.google.android.gms:play-services-basement:11.0.4] AndroidManifest.xml:20:20-65
258            android:value="@integer/google_play_services_version" />
258-->[com.google.android.gms:play-services-basement:11.0.4] AndroidManifest.xml:20:66-119
259    </application>
260
261</manifest>